<?xml version="1.0" encoding="UTF-8"?>
<!-- Generated by org.testng.reporters.JUnitReportReporter -->
<testsuite hostname="DESKTOP-J781JPB" failures="0" tests="1" name="testCases.Tc013_SearchProductWithNonExistingName" time="0.571" errors="0" timestamp="2024-09-02T15:22:26 IST" skipped="0">
  <testcase classname="testCases.Tc013_SearchProductWithNonExistingName" name="searchProduct" time="0.571"/>
</testsuite> <!-- testCases.Tc013_SearchProductWithNonExistingName -->
