<?xml version="1.0" encoding="UTF-8"?>
<!-- Generated by org.testng.reporters.JUnitReportReporter -->
<testsuite hostname="DESKTOP-J781JPB" failures="0" tests="1" name="testCases.Tc006_VerifyRegistrationWarningMsgs" time="1.852" errors="0" timestamp="2024-10-25T17:11:28 IST" skipped="0">
  <testcase classname="testCases.Tc006_VerifyRegistrationWarningMsgs" name="validate_Registration_Warning_Msgs" time="1.852"/>
</testsuite> <!-- testCases.Tc006_VerifyRegistrationWarningMsgs -->
