<?xml version="1.0" encoding="UTF-8"?>
<!-- Generated by org.testng.reporters.JUnitReportReporter -->
<testsuite hostname="DESKTOP-J781JPB" failures="0" tests="1" name="testCases.Tc010_NavigatingToOtherPages" time="1.945" errors="0" timestamp="2024-09-01T13:13:50 IST" skipped="0">
  <testcase classname="testCases.Tc010_NavigatingToOtherPages" name="navigationFromRegistrationPageToForgottenPasswordPage" time="1.945"/>
</testsuite> <!-- testCases.Tc010_NavigatingToOtherPages -->
