<?xml version="1.0" encoding="UTF-8"?>
<!-- Generated by org.testng.reporters.JUnitReportReporter -->
<testsuite hostname="DESKTOP-J781JPB" failures="0" tests="1" name="testCases.Tc002_LoginTest" time="1.401" errors="0" timestamp="2024-10-25T17:10:39 IST" skipped="0">
  <testcase classname="testCases.Tc002_LoginTest" name="verify_Login" time="1.401"/>
</testsuite> <!-- testCases.Tc002_LoginTest -->
