<?xml version="1.0" encoding="UTF-8"?>
<!-- Generated by org.testng.reporters.JUnitReportReporter -->
<testsuite hostname="DESKTOP-J781JPB" failures="0" tests="1" name="testCases.Tc005_validatePrivacyPolicy" time="1.956" errors="0" timestamp="2024-08-29T23:50:05 IST" skipped="0">
  <testcase classname="testCases.Tc005_validatePrivacyPolicy" name="validate_Privacy_Policy_box" time="1.956"/>
</testsuite> <!-- testCases.Tc005_validatePrivacyPolicy -->
