<?xml version="1.0" encoding="UTF-8"?>
<!-- Generated by org.testng.reporters.JUnitReportReporter -->
<testsuite hostname="DESKTOP-J781JPB" failures="0" tests="1" name="testCases.Tc011_ValidateLoginWithoutCredentials" time="1.144" errors="0" timestamp="2024-09-01T20:02:57 IST" skipped="0">
  <testcase classname="testCases.Tc011_ValidateLoginWithoutCredentials" name="verifyLoginAccountWithoutCredentials" time="1.144"/>
</testsuite> <!-- testCases.Tc011_ValidateLoginWithoutCredentials -->
