<?xml version="1.0" encoding="UTF-8"?>
<!-- Generated by org.testng.reporters.JUnitReportReporter -->
<testsuite hostname="DESKTOP-J781JPB" failures="0" tests="1" name="testCases.Tc012_SearchProductWithExistingName" time="6.512" errors="0" timestamp="2024-09-02T11:52:13 IST" skipped="0">
  <testcase classname="testCases.Tc012_SearchProductWithExistingName" name="SearchProduct" time="6.512"/>
</testsuite> <!-- testCases.Tc012_SearchProductWithExistingName -->
