<?xml version="1.0" encoding="UTF-8"?>
<!-- Generated by org.testng.reporters.JUnitReportReporter -->
<testsuite hostname="DESKTOP-J781JPB" failures="0" tests="1" name="testCases.Tc020_Addtocartbtn" time="0.233" errors="0" timestamp="2024-10-21T15:32:35 IST" skipped="0">
  <testcase classname="testCases.Tc020_Addtocartbtn" name="clickaddtocartbutton_inhomepage" time="0.233"/>
</testsuite> <!-- testCases.Tc020_Addtocartbtn -->
