<?xml version="1.0" encoding="UTF-8"?>
<!-- Generated by org.testng.reporters.JUnitReportReporter -->
<testsuite hostname="DESKTOP-J781JPB" failures="0" tests="1" name="testCases.Tc016_SelectDropDownProductsAfterLogin" time="16.068" errors="0" timestamp="2024-09-24T22:13:21 IST" skipped="0">
  <testcase classname="testCases.Tc016_SelectDropDownProductsAfterLogin" name="selectDropDownProducts" time="16.068"/>
</testsuite> <!-- testCases.Tc016_SelectDropDownProductsAfterLogin -->
