<?xml version="1.0" encoding="UTF-8"?>
<!-- Generated by org.testng.reporters.JUnitReportReporter -->
<testsuite hostname="DESKTOP-J781JPB" failures="0" tests="3" name="testCases.Tc001_RegistrationTest" time="85.269" errors="0" timestamp="2024-11-06T15:32:28 IST" skipped="0">
  <testcase classname="testCases.Tc001_RegistrationTest" name="verify_Account_Registration" time="40.920"/>
  <testcase classname="testCases.Tc001_RegistrationTest" name="verify_Account_Registration" time="36.319"/>
  <testcase classname="testCases.Tc001_RegistrationTest" name="verify_Account_Registration" time="8.030"/>
</testsuite> <!-- testCases.Tc001_RegistrationTest -->
