<?xml version="1.0" encoding="UTF-8"?>
<!-- Generated by org.testng.reporters.JUnitReportReporter -->
<testsuite hostname="DESKTOP-J781JPB" failures="0" tests="1" name="testCases.Tc018_ProductComparsionWithValidateProduct" time="8.826" errors="0" timestamp="2024-09-04T17:04:16 IST" skipped="0">
  <testcase classname="testCases.Tc018_ProductComparsionWithValidateProduct" name="productComparsion" time="8.826"/>
</testsuite> <!-- testCases.Tc018_ProductComparsionWithValidateProduct -->
