<?xml version="1.0" encoding="UTF-8"?>
<!-- Generated by org.testng.reporters.JUnitReportReporter -->
<testsuite hostname="DESKTOP-J781JPB" failures="0" tests="1" name="testCases.Tc009_VerifyInvalidEmailAndValidPassword" time="1.830" errors="0" timestamp="2024-09-01T12:04:18 IST" skipped="0">
  <testcase classname="testCases.Tc009_VerifyInvalidEmailAndValidPassword" name="verify_InvalidEmail_ValidPassword" time="1.830"/>
</testsuite> <!-- testCases.Tc009_VerifyInvalidEmailAndValidPassword -->
