<?xml version="1.0" encoding="UTF-8"?>
<!-- Generated by org.testng.reporters.JUnitReportReporter -->
<testsuite hostname="DESKTOP-J781JPB" failures="0" tests="3" name="testCases.Tc001_RegistrationTest" time="18.842" errors="0" timestamp="2024-11-06T15:59:39 IST" skipped="0">
  <testcase classname="testCases.Tc001_RegistrationTest" name="verify_Account_Registration" time="2.782"/>
  <testcase classname="testCases.Tc001_RegistrationTest" name="verify_Account_Registration" time="7.158"/>
  <testcase classname="testCases.Tc001_RegistrationTest" name="verify_Account_Registration" time="8.902"/>
</testsuite> <!-- testCases.Tc001_RegistrationTest -->
